This is XeTeX, Version 3.141592653-2.6-0.999993 (TeX Live 2021/W32TeX) (preloaded format=xelatex 2021.6.8)  16 JUN 2021 13:54
entering extended mode
 restricted \write18 enabled.
 %&-line parsing enabled.
**nibrsbook.tex
(./nibrsbook.tex
LaTeX2e <2021-06-01>
L3 programming layer <2021-06-01> (c:/Users/jkkap/AppData/Roaming/TinyTeX/texmf
-dist/tex/latex/base/book.cls
Document Class: book 2021/02/12 v1.4n Standard LaTeX document class
(c:/Users/jkkap/AppData/Roaming/TinyTeX/texmf-dist/tex/latex/base/bk12.clo
File: bk12.clo 2021/02/12 v1.4n Standard LaTeX file (size option)
)
\c@part=\count178
\c@chapter=\count179
\c@section=\count180
\c@subsection=\count181
\c@subsubsection=\count182
\c@paragraph=\count183
\c@subparagraph=\count184
\c@figure=\count185
\c@table=\count186
\abovecaptionskip=\skip47
\belowcaptionskip=\skip48
\bibindent=\dimen138
) (c:/Users/jkkap/AppData/Roaming/TinyTeX/texmf-dist/tex/latex/lm/lmodern.sty
Package: lmodern 2015/05/01 v1.6.1 Latin Modern Fonts
LaTeX Font Info:    Overwriting symbol font `operators' in version `normal'
(Font)                  OT1/cmr/m/n --> OT1/lmr/m/n on input line 22.
LaTeX Font Info:    Overwriting symbol font `letters' in version `normal'
(Font)                  OML/cmm/m/it --> OML/lmm/m/it on input line 23.
LaTeX Font Info:    Overwriting symbol font `symbols' in version `normal'
(Font)                  OMS/cmsy/m/n --> OMS/lmsy/m/n on input line 24.
LaTeX Font Info:    Overwriting symbol font `largesymbols' in version `normal'
(Font)                  OMX/cmex/m/n --> OMX/lmex/m/n on input line 25.
LaTeX Font Info:    Overwriting symbol font `operators' in version `bold'
(Font)                  OT1/cmr/bx/n --> OT1/lmr/bx/n on input line 26.
LaTeX Font Info:    Overwriting symbol font `letters' in version `bold'
(Font)                  OML/cmm/b/it --> OML/lmm/b/it on input line 27.
LaTeX Font Info:    Overwriting symbol font `symbols' in version `bold'
(Font)                  OMS/cmsy/b/n --> OMS/lmsy/b/n on input line 28.
LaTeX Font Info:    Overwriting symbol font `largesymbols' in version `bold'
(Font)                  OMX/cmex/m/n --> OMX/lmex/m/n on input line 29.
LaTeX Font Info:    Overwriting math alphabet `\mathbf' in version `normal'
(Font)                  OT1/cmr/bx/n --> OT1/lmr/bx/n on input line 31.
LaTeX Font Info:    Overwriting math alphabet `\mathsf' in version `normal'
(Font)                  OT1/cmss/m/n --> OT1/lmss/m/n on input line 32.
LaTeX Font Info:    Overwriting math alphabet `\mathit' in version `normal'
(Font)                  OT1/cmr/m/it --> OT1/lmr/m/it on input line 33.
LaTeX Font Info:    Overwriting math alphabet `\mathtt' in version `normal'
(Font)                  OT1/cmtt/m/n --> OT1/lmtt/m/n on input line 34.
LaTeX Font Info:    Overwriting math alphabet `\mathbf' in version `bold'
(Font)                  OT1/cmr/bx/n --> OT1/lmr/bx/n on input line 35.
LaTeX Font Info:    Overwriting math alphabet `\mathsf' in version `bold'
(Font)                  OT1/cmss/bx/n --> OT1/lmss/bx/n on input line 36.
LaTeX Font Info:    Overwriting math alphabet `\mathit' in version `bold'
(Font)                  OT1/cmr/bx/it --> OT1/lmr/bx/it on input line 37.
LaTeX Font Info:    Overwriting math alphabet `\mathtt' in version `bold'
(Font)                  OT1/cmtt/m/n --> OT1/lmtt/m/n on input line 38.
)
(c:/Users/jkkap/AppData/Roaming/TinyTeX/texmf-dist/tex/latex/setspace/setspace.
sty
Package: setspace 2011/12/19 v6.7a set line spacing
)
(c:/Users/jkkap/AppData/Roaming/TinyTeX/texmf-dist/tex/latex/amsmath/amsmath.st
y
Package: amsmath 2021/04/20 v2.17j AMS math features
\@mathmargin=\skip49
For additional information on amsmath, use the `?' option.

(c:/Users/jkkap/AppData/Roaming/TinyTeX/texmf-dist/tex/latex/amsmath/amstext.st
y
Package: amstext 2000/06/29 v2.01 AMS text

(c:/Users/jkkap/AppData/Roaming/TinyTeX/texmf-dist/tex/latex/amsmath/amsgen.sty
File: amsgen.sty 1999/11/30 v2.0 generic functions
\@emptytoks=\toks16
\ex@=\dimen139
))
(c:/Users/jkkap/AppData/Roaming/TinyTeX/texmf-dist/tex/latex/amsmath/amsbsy.sty
Package: amsbsy 1999/11/29 v1.2d Bold Symbols
\pmbraise@=\dimen140
)
(c:/Users/jkkap/AppData/Roaming/TinyTeX/texmf-dist/tex/latex/amsmath/amsopn.sty
Package: amsopn 2016/03/08 v2.02 operator names
)
\inf@bad=\count187
LaTeX Info: Redefining \frac on input line 234.
\uproot@=\count188
\leftroot@=\count189
LaTeX Info: Redefining \overline on input line 399.
\classnum@=\count190
\DOTSCASE@=\count191
LaTeX Info: Redefining \ldots on input line 496.
LaTeX Info: Redefining \dots on input line 499.
LaTeX Info: Redefining \cdots on input line 620.
\Mathstrutbox@=\box50
\strutbox@=\box51
\big@size=\dimen141
LaTeX Font Info:    Redeclaring font encoding OML on input line 743.
LaTeX Font Info:    Redeclaring font encoding OMS on input line 744.
\macc@depth=\count192
\c@MaxMatrixCols=\count193
\dotsspace@=\muskip16
\c@parentequation=\count194
\dspbrk@lvl=\count195
\tag@help=\toks17
\row@=\count196
\column@=\count197
\maxfields@=\count198
\andhelp@=\toks18
\eqnshift@=\dimen142
\alignsep@=\dimen143
\tagshift@=\dimen144
\tagwidth@=\dimen145
\totwidth@=\dimen146
\lineht@=\dimen147
\@envbody=\toks19
\multlinegap=\skip50
\multlinetaggap=\skip51
\mathdisplay@stack=\toks20
LaTeX Info: Redefining \[ on input line 2923.
LaTeX Info: Redefining \] on input line 2924.
)
(c:/Users/jkkap/AppData/Roaming/TinyTeX/texmf-dist/tex/generic/iftex/ifxetex.st
y
Package: ifxetex 2019/10/25 v0.7 ifxetex legacy package. Use iftex instead.
(c:/Users/jkkap/AppData/Roaming/TinyTeX/texmf-dist/tex/generic/iftex/iftex.sty
Package: iftex 2020/03/06 v1.0d TeX engine tests
))
(c:/Users/jkkap/AppData/Roaming/TinyTeX/texmf-dist/tex/generic/iftex/ifluatex.s
ty
Package: ifluatex 2019/10/25 v1.5 ifluatex legacy package. Use iftex instead.
)
(c:/Users/jkkap/AppData/Roaming/TinyTeX/texmf-dist/tex/latex/unicode-math/unico
de-math.sty
(c:/Users/jkkap/AppData/Roaming/TinyTeX/texmf-dist/tex/latex/l3kernel/expl3.sty
Package: expl3 2021-06-01 L3 programming layer (loader) 

(c:/Users/jkkap/AppData/Roaming/TinyTeX/texmf-dist/tex/latex/l3backend/l3backen
d-xetex.def
File: l3backend-xetex.def 2021-05-07 L3 backend support: XeTeX
(|extractbb --version)
\c__kernel_sys_dvipdfmx_version_int=\count199
\l__color_backend_stack_int=\count266
\g__color_backend_stack_int=\count267
\g__graphics_track_int=\count268
\l__pdf_internal_box=\box52
\g__pdf_backend_object_int=\count269
\g__pdf_backend_annotation_int=\count270
\g__pdf_backend_link_int=\count271
))
Package: unicode-math 2020/01/31 v0.8q Unicode maths in XeLaTeX and LuaLaTeX

(c:/Users/jkkap/AppData/Roaming/TinyTeX/texmf-dist/tex/latex/unicode-math/unico
de-math-xetex.sty
Package: unicode-math-xetex 2020/01/31 v0.8q Unicode maths in XeLaTeX and LuaLa
TeX

(c:/Users/jkkap/AppData/Roaming/TinyTeX/texmf-dist/tex/latex/l3packages/xparse/
xparse.sty
Package: xparse 2021-06-01 L3 Experimental document command parser
)
(c:/Users/jkkap/AppData/Roaming/TinyTeX/texmf-dist/tex/latex/l3packages/l3keys2
e/l3keys2e.sty
Package: l3keys2e 2021-06-01 LaTeX2e option processing using LaTeX3 keys
)
(c:/Users/jkkap/AppData/Roaming/TinyTeX/texmf-dist/tex/latex/fontspec/fontspec.
sty
Package: fontspec 2020/02/21 v2.7i Font selection for XeLaTeX and LuaLaTeX

(c:/Users/jkkap/AppData/Roaming/TinyTeX/texmf-dist/tex/latex/fontspec/fontspec-
xetex.sty
Package: fontspec-xetex 2020/02/21 v2.7i Font selection for XeLaTeX and LuaLaTe
X
\l__fontspec_script_int=\count272
\l__fontspec_language_int=\count273
\l__fontspec_strnum_int=\count274
\l__fontspec_tmp_int=\count275
\l__fontspec_tmpa_int=\count276
\l__fontspec_tmpb_int=\count277
\l__fontspec_tmpc_int=\count278
\l__fontspec_em_int=\count279
\l__fontspec_emdef_int=\count280
\l__fontspec_strong_int=\count281
\l__fontspec_strongdef_int=\count282
\l__fontspec_tmpa_dim=\dimen148
\l__fontspec_tmpb_dim=\dimen149
\l__fontspec_tmpc_dim=\dimen150
(c:/Users/jkkap/AppData/Roaming/TinyTeX/texmf-dist/tex/latex/base/fontenc.sty
Package: fontenc 2021/04/29 v2.0v Standard LaTeX package
)
(c:/Users/jkkap/AppData/Roaming/TinyTeX/texmf-dist/tex/latex/fontspec/fontspec.
cfg))) (c:/Users/jkkap/AppData/Roaming/TinyTeX/texmf-dist/tex/latex/base/fix-cm
.sty
Package: fix-cm 2020/11/24 v1.1t fixes to LaTeX
(c:/Users/jkkap/AppData/Roaming/TinyTeX/texmf-dist/tex/latex/base/ts1enc.def
File: ts1enc.def 2001/06/05 v3.0e (jk/car/fm) Standard LaTeX file
LaTeX Font Info:    Redeclaring font encoding TS1 on input line 47.
))
\g__um_fam_int=\count283
\g__um_fonts_used_int=\count284
\l__um_primecount_int=\count285
\g__um_primekern_muskip=\muskip17

(c:/Users/jkkap/AppData/Roaming/TinyTeX/texmf-dist/tex/latex/unicode-math/unico
de-math-table.tex))) (c:/Users/jkkap/AppData/Roaming/TinyTeX/texmf-dist/tex/lat
ex/xcolor/xcolor.sty
Package: xcolor 2016/05/11 v2.12 LaTeX color extensions (UK)

(c:/Users/jkkap/AppData/Roaming/TinyTeX/texmf-dist/tex/latex/graphics-cfg/color
.cfg
File: color.cfg 2016/01/02 v1.6 sample color configuration
)
Package xcolor Info: Driver file: xetex.def on input line 225.

(c:/Users/jkkap/AppData/Roaming/TinyTeX/texmf-dist/tex/latex/graphics-def/xetex
.def
File: xetex.def 2021/03/18 v5.0k Graphics/color driver for xetex
)
Package xcolor Info: Model `cmy' substituted by `cmy0' on input line 1348.
Package xcolor Info: Model `RGB' extended on input line 1364.
Package xcolor Info: Model `HTML' substituted by `rgb' on input line 1366.
Package xcolor Info: Model `Hsb' substituted by `hsb' on input line 1367.
Package xcolor Info: Model `tHsb' substituted by `hsb' on input line 1368.
Package xcolor Info: Model `HSB' substituted by `hsb' on input line 1369.
Package xcolor Info: Model `Gray' substituted by `gray' on input line 1370.
Package xcolor Info: Model `wave' substituted by `hsb' on input line 1371.

(c:/Users/jkkap/AppData/Roaming/TinyTeX/texmf-dist/tex/latex/graphics/dvipsnam.
def
File: dvipsnam.def 2016/06/17 v3.0m Driver-dependent file (DPC,SPQR)
) (c:/Users/jkkap/AppData/Roaming/TinyTeX/texmf-dist/tex/latex/xcolor/svgnam.de
f
File: svgnam.def 2016/05/11 v2.12 Predefined colors according to SVG 1.1 (UK)
) (c:/Users/jkkap/AppData/Roaming/TinyTeX/texmf-dist/tex/latex/xcolor/x11nam.de
f
File: x11nam.def 2016/05/11 v2.12 Predefined colors according to Unix/X11 (UK)
))
(c:/Users/jkkap/AppData/Roaming/TinyTeX/texmf-dist/tex/latex/hyperref/hyperref.
sty
Package: hyperref 2021-06-07 v7.00m Hypertext links for LaTeX

(c:/Users/jkkap/AppData/Roaming/TinyTeX/texmf-dist/tex/generic/ltxcmds/ltxcmds.
sty
Package: ltxcmds 2020-05-10 v1.25 LaTeX kernel commands for general use (HO)
)
(c:/Users/jkkap/AppData/Roaming/TinyTeX/texmf-dist/tex/generic/pdftexcmds/pdfte
xcmds.sty
Package: pdftexcmds 2020-06-27 v0.33 Utility functions of pdfTeX for LuaTeX (HO
)

(c:/Users/jkkap/AppData/Roaming/TinyTeX/texmf-dist/tex/generic/infwarerr/infwar
err.sty
Package: infwarerr 2019/12/03 v1.5 Providing info/warning/error messages (HO)
)
Package pdftexcmds Info: \pdf@primitive is available.
Package pdftexcmds Info: \pdf@ifprimitive is available.
Package pdftexcmds Info: \pdfdraftmode not found.
)
(c:/Users/jkkap/AppData/Roaming/TinyTeX/texmf-dist/tex/latex/graphics/keyval.st
y
Package: keyval 2014/10/28 v1.15 key=value parser (DPC)
\KV@toks@=\toks21
)
(c:/Users/jkkap/AppData/Roaming/TinyTeX/texmf-dist/tex/generic/kvsetkeys/kvsetk
eys.sty
Package: kvsetkeys 2019/12/15 v1.18 Key value parser (HO)
)
(c:/Users/jkkap/AppData/Roaming/TinyTeX/texmf-dist/tex/generic/kvdefinekeys/kvd
efinekeys.sty
Package: kvdefinekeys 2019-12-19 v1.6 Define keys (HO)
)
(c:/Users/jkkap/AppData/Roaming/TinyTeX/texmf-dist/tex/generic/pdfescape/pdfesc
ape.sty
Package: pdfescape 2019/12/09 v1.15 Implements pdfTeX's escape features (HO)
)
(c:/Users/jkkap/AppData/Roaming/TinyTeX/texmf-dist/tex/latex/hycolor/hycolor.st
y
Package: hycolor 2020-01-27 v1.10 Color options for hyperref/bookmark (HO)
)
(c:/Users/jkkap/AppData/Roaming/TinyTeX/texmf-dist/tex/latex/letltxmacro/letltx
macro.sty
Package: letltxmacro 2019/12/03 v1.6 Let assignment for LaTeX macros (HO)
)
(c:/Users/jkkap/AppData/Roaming/TinyTeX/texmf-dist/tex/latex/auxhook/auxhook.st
y
Package: auxhook 2019-12-17 v1.6 Hooks for auxiliary files (HO)
)
(c:/Users/jkkap/AppData/Roaming/TinyTeX/texmf-dist/tex/latex/kvoptions/kvoption
s.sty
Package: kvoptions 2020-10-07 v3.14 Key value format for package options (HO)
)
\@linkdim=\dimen151
\Hy@linkcounter=\count286
\Hy@pagecounter=\count287

(c:/Users/jkkap/AppData/Roaming/TinyTeX/texmf-dist/tex/latex/hyperref/pd1enc.de
f
File: pd1enc.def 2021-06-07 v7.00m Hyperref: PDFDocEncoding definition (HO)
)
(c:/Users/jkkap/AppData/Roaming/TinyTeX/texmf-dist/tex/latex/hyperref/hyperref-
langpatches.def
File: hyperref-langpatches.def 2021-06-07 v7.00m Hyperref: patches for babel la
nguages
)
(c:/Users/jkkap/AppData/Roaming/TinyTeX/texmf-dist/tex/generic/intcalc/intcalc.
sty
Package: intcalc 2019/12/15 v1.3 Expandable calculations with integers (HO)
)
(c:/Users/jkkap/AppData/Roaming/TinyTeX/texmf-dist/tex/generic/etexcmds/etexcmd
s.sty
Package: etexcmds 2019/12/15 v1.7 Avoid name clashes with e-TeX commands (HO)
)
\Hy@SavedSpaceFactor=\count288

(c:/Users/jkkap/AppData/Roaming/TinyTeX/texmf-dist/tex/latex/hyperref/puenc.def
File: puenc.def 2021-06-07 v7.00m Hyperref: PDF Unicode definition (HO)
)
Package hyperref Info: Option `unicode' set `true' on input line 4073.
Package hyperref Info: Hyper figures OFF on input line 4192.
Package hyperref Info: Link nesting OFF on input line 4197.
Package hyperref Info: Hyper index ON on input line 4200.
Package hyperref Info: Plain pages OFF on input line 4207.
Package hyperref Info: Backreferencing OFF on input line 4212.
Package hyperref Info: Implicit mode ON; LaTeX internals redefined.
Package hyperref Info: Bookmarks ON on input line 4445.
\c@Hy@tempcnt=\count289
(c:/Users/jkkap/AppData/Roaming/TinyTeX/texmf-dist/tex/latex/url/url.sty
\Urlmuskip=\muskip18
Package: url 2013/09/16  ver 3.4  Verb mode for urls, etc.
)
LaTeX Info: Redefining \url on input line 4804.
\XeTeXLinkMargin=\dimen152

(c:/Users/jkkap/AppData/Roaming/TinyTeX/texmf-dist/tex/generic/bitset/bitset.st
y
Package: bitset 2019/12/09 v1.3 Handle bit-vector datatype (HO)

(c:/Users/jkkap/AppData/Roaming/TinyTeX/texmf-dist/tex/generic/bigintcalc/bigin
tcalc.sty
Package: bigintcalc 2019/12/15 v1.5 Expandable calculations on big integers (HO
)
))
\Fld@menulength=\count290
\Field@Width=\dimen153
\Fld@charsize=\dimen154
Package hyperref Info: Hyper figures OFF on input line 6076.
Package hyperref Info: Link nesting OFF on input line 6081.
Package hyperref Info: Hyper index ON on input line 6084.
Package hyperref Info: backreferencing OFF on input line 6091.
Package hyperref Info: Link coloring OFF on input line 6096.
Package hyperref Info: Link coloring with OCG OFF on input line 6101.
Package hyperref Info: PDF/A mode OFF on input line 6106.
LaTeX Info: Redefining \ref on input line 6146.
LaTeX Info: Redefining \pageref on input line 6150.

(c:/Users/jkkap/AppData/Roaming/TinyTeX/texmf-dist/tex/latex/base/atbegshi-ltx.
sty
Package: atbegshi-ltx 2021/01/10 v1.0c Emulation of the original atbegshi
package with kernel methods
)
\Hy@abspage=\count291
\c@Item=\count292
\c@Hfootnote=\count293
)
Package hyperref Info: Driver (autodetected): hxetex.

(c:/Users/jkkap/AppData/Roaming/TinyTeX/texmf-dist/tex/latex/hyperref/hxetex.de
f
File: hxetex.def 2021-06-07 v7.00m Hyperref driver for XeTeX

(c:/Users/jkkap/AppData/Roaming/TinyTeX/texmf-dist/tex/generic/stringenc/string
enc.sty
Package: stringenc 2019/11/29 v1.12 Convert strings between diff. encodings (HO
)
)
\pdfm@box=\box53
\c@Hy@AnnotLevel=\count294
\HyField@AnnotCount=\count295
\Fld@listcount=\count296
\c@bookmark@seq@number=\count297

(c:/Users/jkkap/AppData/Roaming/TinyTeX/texmf-dist/tex/latex/rerunfilecheck/rer
unfilecheck.sty
Package: rerunfilecheck 2019/12/05 v1.9 Rerun checks for auxiliary files (HO)

(c:/Users/jkkap/AppData/Roaming/TinyTeX/texmf-dist/tex/latex/base/atveryend-ltx
.sty
Package: atveryend-ltx 2020/08/19 v1.0a Emulation of the original atvery packag
e
with kernel methods
)
(c:/Users/jkkap/AppData/Roaming/TinyTeX/texmf-dist/tex/generic/uniquecounter/un
iquecounter.sty
Package: uniquecounter 2019/12/15 v1.4 Provide unlimited unique counter (HO)
)
Package uniquecounter Info: New unique counter `rerunfilecheck' on input line 2
86.
)
\Hy@SectionHShift=\skip52
)
Package hyperref Info: Option `colorlinks' set `true' on input line 50.

(c:/Users/jkkap/AppData/Roaming/TinyTeX/texmf-dist/tex/latex/geometry/geometry.
sty
Package: geometry 2020/01/02 v5.9 Page Geometry

(c:/Users/jkkap/AppData/Roaming/TinyTeX/texmf-dist/tex/generic/iftex/ifvtex.sty
Package: ifvtex 2019/10/25 v1.7 ifvtex legacy package. Use iftex instead.
)
\Gm@cnth=\count298
\Gm@cntv=\count299
\c@Gm@tempcnt=\count300
\Gm@bindingoffset=\dimen155
\Gm@wd@mp=\dimen156
\Gm@odd@mp=\dimen157
\Gm@even@mp=\dimen158
\Gm@layoutwidth=\dimen159
\Gm@layoutheight=\dimen160
\Gm@layouthoffset=\dimen161
\Gm@layoutvoffset=\dimen162
\Gm@dimlist=\toks22
)
(c:/Users/jkkap/AppData/Roaming/TinyTeX/texmf-dist/tex/latex/fancyvrb/fancyvrb.
sty
Package: fancyvrb 2021/01/20 v3.7 verbatim text (tvz,hv)
\FV@CodeLineNo=\count301
\FV@InFile=\read2
\FV@TabBox=\box54
\c@FancyVerbLine=\count302
\FV@StepNumber=\count303
\FV@OutFile=\write3
) (c:/Users/jkkap/AppData/Roaming/TinyTeX/texmf-dist/tex/latex/framed/framed.st
y
Package: framed 2011/10/22 v 0.96: framed or shaded text with page breaks
\OuterFrameSep=\skip53
\fb@frw=\dimen163
\fb@frh=\dimen164
\FrameRule=\dimen165
\FrameSep=\dimen166
)
(c:/Users/jkkap/AppData/Roaming/TinyTeX/texmf-dist/tex/latex/tools/longtable.st
y
Package: longtable 2021-05-07 v4.16 Multi-page Table package (DPC)
\LTleft=\skip54
\LTright=\skip55
\LTpre=\skip56
\LTpost=\skip57
\LTchunksize=\count304
\LTcapwidth=\dimen167
\LT@head=\box55
\LT@firsthead=\box56
\LT@foot=\box57
\LT@lastfoot=\box58
\LT@gbox=\box59
\LT@cols=\count305
\LT@rows=\count306
\c@LT@tables=\count307
\c@LT@chunks=\count308
\LT@p@ftn=\toks23
)
(c:/Users/jkkap/AppData/Roaming/TinyTeX/texmf-dist/tex/latex/booktabs/booktabs.
sty
Package: booktabs 2020/01/12 v1.61803398 Publication quality tables
\heavyrulewidth=\dimen168
\lightrulewidth=\dimen169
\cmidrulewidth=\dimen170
\belowrulesep=\dimen171
\belowbottomsep=\dimen172
\aboverulesep=\dimen173
\abovetopsep=\dimen174
\cmidrulesep=\dimen175
\cmidrulekern=\dimen176
\defaultaddspace=\dimen177
\@cmidla=\count309
\@cmidlb=\count310
\@aboverulesep=\dimen178
\@belowrulesep=\dimen179
\@thisruleclass=\count311
\@lastruleclass=\count312
\@thisrulewidth=\dimen180
) (c:/Users/jkkap/AppData/Roaming/TinyTeX/texmf-dist/tex/latex/tools/calc.sty
Package: calc 2017/05/25 v4.3 Infix arithmetic (KKT,FJ)
\calc@Acount=\count313
\calc@Bcount=\count314
\calc@Adimen=\dimen181
\calc@Bdimen=\dimen182
\calc@Askip=\skip58
\calc@Bskip=\skip59
LaTeX Info: Redefining \setlength on input line 80.
LaTeX Info: Redefining \addtolength on input line 81.
\calc@Ccount=\count315
\calc@Cskip=\skip60
)
(c:/Users/jkkap/AppData/Roaming/TinyTeX/texmf-dist/tex/latex/etoolbox/etoolbox.
sty
Package: etoolbox 2020/10/05 v2.5k e-TeX tools for LaTeX (JAW)
\etb@tempcnta=\count316
)
(c:/Users/jkkap/AppData/Roaming/TinyTeX/texmf-dist/tex/latex/mdwtools/footnote.
sty
Package: footnote 1997/01/28 1.13 Save footnotes around boxes
\fn@notes=\box60
\fn@width=\dimen183
)
(c:/Users/jkkap/AppData/Roaming/TinyTeX/texmf-dist/tex/latex/graphics/graphicx.
sty
Package: graphicx 2020/12/05 v1.2c Enhanced LaTeX Graphics (DPC,SPQR)

(c:/Users/jkkap/AppData/Roaming/TinyTeX/texmf-dist/tex/latex/graphics/graphics.
sty
Package: graphics 2021/03/04 v1.4d Standard LaTeX Graphics (DPC,SPQR)
(c:/Users/jkkap/AppData/Roaming/TinyTeX/texmf-dist/tex/latex/graphics/trig.sty
Package: trig 2016/01/03 v1.10 sin cos tan (DPC)
)
(c:/Users/jkkap/AppData/Roaming/TinyTeX/texmf-dist/tex/latex/graphics-cfg/graph
ics.cfg
File: graphics.cfg 2016/06/04 v1.11 sample graphics configuration
)
Package graphics Info: Driver file: xetex.def on input line 107.
)
\Gin@req@height=\dimen184
\Gin@req@width=\dimen185
) (c:/Users/jkkap/AppData/Roaming/TinyTeX/texmf-dist/tex/latex/tabu/tabu.sty
Package: tabu 2019/01/11 v2.9 - flexible LaTeX tabulars (FC+tabu-fixed)
(c:/Users/jkkap/AppData/Roaming/TinyTeX/texmf-dist/tex/latex/tools/array.sty
Package: array 2021/04/20 v2.5e Tabular extension package (FMi)
\col@sep=\dimen186
\ar@mcellbox=\box61
\extrarowheight=\dimen187
\NC@list=\toks24
\extratabsurround=\skip61
\backup@length=\skip62
\ar@cellbox=\box62
)
(c:/Users/jkkap/AppData/Roaming/TinyTeX/texmf-dist/tex/latex/varwidth/varwidth.
sty
Package: varwidth 2009/03/30 ver 0.92;  Variable-width minipages
\@vwid@box=\box63
\sift@deathcycles=\count317
\@vwid@loff=\dimen188
\@vwid@roff=\dimen189
)
\c@taburow=\count318
\tabu@nbcols=\count319
\tabu@cnt=\count320
\tabu@Xcol=\count321
\tabu@alloc=\count322
\tabu@nested=\count323
\tabu@target=\dimen190
\tabu@spreadtarget=\dimen191
\tabu@naturalX=\dimen192
\tabucolX=\dimen193
\tabu@Xsum=\dimen194
\extrarowdepth=\dimen195
\abovetabulinesep=\dimen196
\belowtabulinesep=\dimen197
\tabustrutrule=\dimen198
\tabu@thebody=\toks25
\tabu@footnotes=\toks26
\tabu@box=\box64
\tabu@arstrutbox=\box65
\tabu@hleads=\box66
\tabu@vleads=\box67
\tabu@cellskip=\skip63
)
(c:/Users/jkkap/AppData/Roaming/TinyTeX/texmf-dist/tex/latex/listings/listings.
sty
\lst@mode=\count324
\lst@gtempboxa=\box68
\lst@token=\toks27
\lst@length=\count325
\lst@currlwidth=\dimen199
\lst@column=\count326
\lst@pos=\count327
\lst@lostspace=\dimen256
\lst@width=\dimen257
\lst@newlines=\count328
\lst@lineno=\count329
\lst@maxwidth=\dimen258

(c:/Users/jkkap/AppData/Roaming/TinyTeX/texmf-dist/tex/latex/listings/lstmisc.s
ty
File: lstmisc.sty 2020/03/24 1.8d (Carsten Heinz)
\c@lstnumber=\count330
\lst@skipnumbers=\count331
\lst@framebox=\box69
)
(c:/Users/jkkap/AppData/Roaming/TinyTeX/texmf-dist/tex/latex/listings/listings.
cfg
File: listings.cfg 2020/03/24 1.8d listings configuration
))
Package: listings 2020/03/24 1.8d (Carsten Heinz)

(c:/Users/jkkap/AppData/Roaming/TinyTeX/texmf-dist/tex/latex/pdflscape/pdflscap
e.sty
Package: pdflscape 2019/12/05 v0.12 Display of landscape pages in PDF (HO)

(c:/Users/jkkap/AppData/Roaming/TinyTeX/texmf-dist/tex/latex/graphics/lscape.st
y
Package: lscape 2020/05/28 v3.02 Landscape Pages (DPC)
)
Package pdflscape Info: Auto-detected driver: dvipdfm (xetex) on input line 98.

) (c:/Users/jkkap/AppData/Roaming/TinyTeX/texmf-dist/tex/latex/natbib/natbib.st
y
Package: natbib 2010/09/13 8.31b (PWD, AO)
\bibhang=\skip64
\bibsep=\skip65
LaTeX Info: Redefining \cite on input line 694.
\c@NAT@ctr=\count332
) (./nibrsbook.aux)
\openout1 = `nibrsbook.aux'.

LaTeX Font Info:    Checking defaults for OML/cmm/m/it on input line 137.
LaTeX Font Info:    ... okay on input line 137.
LaTeX Font Info:    Checking defaults for OMS/cmsy/m/n on input line 137.
LaTeX Font Info:    ... okay on input line 137.
LaTeX Font Info:    Checking defaults for OT1/cmr/m/n on input line 137.
LaTeX Font Info:    ... okay on input line 137.
LaTeX Font Info:    Checking defaults for T1/cmr/m/n on input line 137.
LaTeX Font Info:    ... okay on input line 137.
LaTeX Font Info:    Checking defaults for TS1/cmr/m/n on input line 137.
LaTeX Font Info:    ... okay on input line 137.
LaTeX Font Info:    Checking defaults for TU/lmr/m/n on input line 137.
LaTeX Font Info:    ... okay on input line 137.
LaTeX Font Info:    Checking defaults for OMX/cmex/m/n on input line 137.
LaTeX Font Info:    ... okay on input line 137.
LaTeX Font Info:    Checking defaults for U/cmr/m/n on input line 137.
LaTeX Font Info:    ... okay on input line 137.
LaTeX Font Info:    Checking defaults for PD1/pdf/m/n on input line 137.
LaTeX Font Info:    ... okay on input line 137.
LaTeX Font Info:    Checking defaults for PU/pdf/m/n on input line 137.
LaTeX Font Info:    ... okay on input line 137.
LaTeX Font Info:    Overwriting math alphabet `\mathrm' in version `normal'
(Font)                  OT1/lmr/m/n --> TU/lmr/m/n on input line 137.
LaTeX Font Info:    Overwriting math alphabet `\mathit' in version `normal'
(Font)                  OT1/lmr/m/it --> TU/lmr/m/it on input line 137.
LaTeX Font Info:    Overwriting math alphabet `\mathbf' in version `normal'
(Font)                  OT1/lmr/bx/n --> TU/lmr/bx/n on input line 137.
LaTeX Font Info:    Overwriting math alphabet `\mathsf' in version `normal'
(Font)                  OT1/lmss/m/n --> TU/lmss/m/n on input line 137.
LaTeX Font Info:    Overwriting math alphabet `\mathsf' in version `bold'
(Font)                  OT1/lmss/bx/n --> TU/lmss/bx/n on input line 137.
LaTeX Font Info:    Overwriting math alphabet `\mathtt' in version `normal'
(Font)                  OT1/lmtt/m/n --> TU/lmtt/m/n on input line 137.
LaTeX Font Info:    Overwriting math alphabet `\mathtt' in version `bold'
(Font)                  OT1/lmtt/m/n --> TU/lmtt/bx/n on input line 137.

Package fontspec Info: latinmodern-math scale = 0.9999970497384594.


Package fontspec Info: latinmodern-math scale = 0.9999970497384594.


Package fontspec Info: latinmodern-math scale = 0.9999970497384594.


Package fontspec Info: Font family 'latinmodern-math.otf(0)' created for font
(fontspec)             'latinmodern-math.otf' with options
(fontspec)             [Scale=MatchLowercase,BoldItalicFont={},ItalicFont={},Sm
allCapsFont={},Script=Math,BoldFont={latinmodern-math.otf}].
(fontspec)              
(fontspec)              This font family consists of the following NFSS
(fontspec)             series/shapes:
(fontspec)              
(fontspec)             - 'normal' (m/n) with NFSS spec.:
(fontspec)             <->s*[0.9999970497384594]"[latinmodern-math.otf]/OT:scri
pt=math;language=dflt;"
(fontspec)             - 'small caps'  (m/sc) with NFSS spec.: 
(fontspec)             - 'bold' (b/n) with NFSS spec.:
(fontspec)             <->s*[0.9999970497384594]"[latinmodern-math.otf]/OT:scri
pt=math;language=dflt;"
(fontspec)             - 'bold small caps'  (b/sc) with NFSS spec.: 

LaTeX Font Info:    Font shape `TU/latinmodern-math.otf(0)/m/n' will be
(Font)              scaled to size 12.0pt on input line 137.

Package fontspec Info: latinmodern-math scale = 0.9999970497384594.


Package fontspec Info: latinmodern-math scale = 0.9999970497384594.


Package fontspec Info: latinmodern-math scale = 0.9999970497384594.


Package fontspec Info: latinmodern-math scale = 0.9999970497384594.


Package fontspec Info: latinmodern-math scale = 0.9999970497384594.


Package fontspec Info: Font family 'latinmodern-math.otf(1)' created for font
(fontspec)             'latinmodern-math.otf' with options
(fontspec)             [Scale=MatchLowercase,BoldItalicFont={},ItalicFont={},Sm
allCapsFont={},Script=Math,SizeFeatures={{Size=10.2-},{Size=7.2-10.2,Font=latin
modern-math.otf,Style=MathScript},{Size=-7.2,Font=latinmodern-math.otf,Style=Ma
thScriptScript}},BoldFont={latinmodern-math.otf}].
(fontspec)              
(fontspec)              This font family consists of the following NFSS
(fontspec)             series/shapes:
(fontspec)              
(fontspec)             - 'normal' (m/n) with NFSS spec.:
(fontspec)             <10.2->s*[0.9999970497384594]"[latinmodern-math.otf]/OT:
script=math;language=dflt;"<7.2-10.2>s*[0.9999970497384594]"[latinmodern-math.o
tf]/OT:script=math;language=dflt;+ssty=0;"<-7.2>s*[0.9999970497384594]"[latinmo
dern-math.otf]/OT:script=math;language=dflt;+ssty=1;"
(fontspec)             - 'small caps'  (m/sc) with NFSS spec.: 
(fontspec)             - 'bold' (b/n) with NFSS spec.:
(fontspec)             <->s*[0.9999970497384594]"[latinmodern-math.otf]/OT:scri
pt=math;language=dflt;"
(fontspec)             - 'bold small caps'  (b/sc) with NFSS spec.: 

LaTeX Font Info:    Font shape `TU/latinmodern-math.otf(1)/m/n' will be
(Font)              scaled to size 12.0pt on input line 137.
LaTeX Font Info:    Encoding `OT1' has changed to `TU' for symbol font
(Font)              `operators' in the math version `normal' on input line 137.

LaTeX Font Info:    Overwriting symbol font `operators' in version `normal'
(Font)                  OT1/lmr/m/n --> TU/latinmodern-math.otf(1)/m/n on input
 line 137.
LaTeX Font Info:    Encoding `OT1' has changed to `TU' for symbol font
(Font)              `operators' in the math version `bold' on input line 137.
LaTeX Font Info:    Overwriting symbol font `operators' in version `bold'
(Font)                  OT1/lmr/bx/n --> TU/latinmodern-math.otf(1)/b/n on inpu
t line 137.

Package fontspec Info: latinmodern-math scale = 0.9999970497384594.


Package fontspec Info: latinmodern-math scale = 1.000097049443433.


Package fontspec Info: latinmodern-math scale = 0.9999970497384594.


Package fontspec Info: latinmodern-math scale = 1.000097049443433.


Package fontspec Info: latinmodern-math scale = 0.9999970497384594.


Package fontspec Info: latinmodern-math scale = 1.000097049443433.


Package fontspec Info: latinmodern-math scale = 0.9999970497384594.


Package fontspec Info: latinmodern-math scale = 1.000097049443433.


Package fontspec Info: latinmodern-math scale = 0.9999970497384594.


Package fontspec Info: latinmodern-math scale = 1.000097049443433.


Package fontspec Info: Font family 'latinmodern-math.otf(2)' created for font
(fontspec)             'latinmodern-math.otf' with options
(fontspec)             [Scale=MatchLowercase,BoldItalicFont={},ItalicFont={},Sm
allCapsFont={},Script=Math,SizeFeatures={{Size=10.2-},{Size=7.2-10.2,Font=latin
modern-math.otf,Style=MathScript},{Size=-7.2,Font=latinmodern-math.otf,Style=Ma
thScriptScript}},BoldFont={latinmodern-math.otf},ScaleAgain=1.0001,FontAdjustme
nt={\fontdimen
(fontspec)             8\font =8.124pt\relax \fontdimen 9\font =4.728pt\relax
(fontspec)             \fontdimen 10\font =5.328pt\relax \fontdimen 11\font
(fontspec)             =8.232pt\relax \fontdimen 12\font =4.14pt\relax
(fontspec)             \fontdimen 13\font =4.356pt\relax \fontdimen 14\font
(fontspec)             =4.356pt\relax \fontdimen 15\font =3.468pt\relax
(fontspec)             \fontdimen 16\font =2.964pt\relax \fontdimen 17\font
(fontspec)             =2.964pt\relax \fontdimen 18\font =3.0pt\relax
(fontspec)             \fontdimen 19\font =2.4pt\relax \fontdimen 22\font
(fontspec)             =3.0pt\relax \fontdimen 20\font =0pt\relax \fontdimen
(fontspec)             21\font =0pt\relax }].
(fontspec)              
(fontspec)              This font family consists of the following NFSS
(fontspec)             series/shapes:
(fontspec)              
(fontspec)             - 'normal' (m/n) with NFSS spec.:
(fontspec)             <10.2->s*[1.000097049443433]"[latinmodern-math.otf]/OT:s
cript=math;language=dflt;"<7.2-10.2>s*[1.000097049443433]"[latinmodern-math.otf
]/OT:script=math;language=dflt;+ssty=0;"<-7.2>s*[1.000097049443433]"[latinmoder
n-math.otf]/OT:script=math;language=dflt;+ssty=1;"
(fontspec)             - 'small caps'  (m/sc) with NFSS spec.: 
(fontspec)             and font adjustment code:
(fontspec)             \fontdimen 8\font =8.124pt\relax \fontdimen 9\font
(fontspec)             =4.728pt\relax \fontdimen 10\font =5.328pt\relax
(fontspec)             \fontdimen 11\font =8.232pt\relax \fontdimen 12\font
(fontspec)             =4.14pt\relax \fontdimen 13\font =4.356pt\relax
(fontspec)             \fontdimen 14\font =4.356pt\relax \fontdimen 15\font
(fontspec)             =3.468pt\relax \fontdimen 16\font =2.964pt\relax
(fontspec)             \fontdimen 17\font =2.964pt\relax \fontdimen 18\font
(fontspec)             =3.0pt\relax \fontdimen 19\font =2.4pt\relax \fontdimen
(fontspec)             22\font =3.0pt\relax \fontdimen 20\font =0pt\relax
(fontspec)             \fontdimen 21\font =0pt\relax 
(fontspec)             - 'bold' (b/n) with NFSS spec.:
(fontspec)             <->s*[1.000097049443433]"[latinmodern-math.otf]/OT:scrip
t=math;language=dflt;"
(fontspec)             - 'bold small caps'  (b/sc) with NFSS spec.: 
(fontspec)             and font adjustment code:
(fontspec)             \fontdimen 8\font =8.124pt\relax \fontdimen 9\font
(fontspec)             =4.728pt\relax \fontdimen 10\font =5.328pt\relax
(fontspec)             \fontdimen 11\font =8.232pt\relax \fontdimen 12\font
(fontspec)             =4.14pt\relax \fontdimen 13\font =4.356pt\relax
(fontspec)             \fontdimen 14\font =4.356pt\relax \fontdimen 15\font
(fontspec)             =3.468pt\relax \fontdimen 16\font =2.964pt\relax
(fontspec)             \fontdimen 17\font =2.964pt\relax \fontdimen 18\font
(fontspec)             =3.0pt\relax \fontdimen 19\font =2.4pt\relax \fontdimen
(fontspec)             22\font =3.0pt\relax \fontdimen 20\font =0pt\relax
(fontspec)             \fontdimen 21\font =0pt\relax 

LaTeX Font Info:    Encoding `OMS' has changed to `TU' for symbol font
(Font)              `symbols' in the math version `normal' on input line 137.
LaTeX Font Info:    Overwriting symbol font `symbols' in version `normal'
(Font)                  OMS/lmsy/m/n --> TU/latinmodern-math.otf(2)/m/n on inpu
t line 137.
LaTeX Font Info:    Encoding `OMS' has changed to `TU' for symbol font
(Font)              `symbols' in the math version `bold' on input line 137.
LaTeX Font Info:    Overwriting symbol font `symbols' in version `bold'
(Font)                  OMS/lmsy/b/n --> TU/latinmodern-math.otf(2)/b/n on inpu
t line 137.

Package fontspec Info: latinmodern-math scale = 0.9999970497384594.


Package fontspec Info: latinmodern-math scale = 0.9998970500334856.


Package fontspec Info: latinmodern-math scale = 0.9999970497384594.


Package fontspec Info: latinmodern-math scale = 0.9998970500334856.


Package fontspec Info: latinmodern-math scale = 0.9999970497384594.


Package fontspec Info: latinmodern-math scale = 0.9998970500334856.


Package fontspec Info: latinmodern-math scale = 0.9999970497384594.


Package fontspec Info: latinmodern-math scale = 0.9998970500334856.


Package fontspec Info: latinmodern-math scale = 0.9999970497384594.


Package fontspec Info: latinmodern-math scale = 0.9998970500334856.


Package fontspec Info: Font family 'latinmodern-math.otf(3)' created for font
(fontspec)             'latinmodern-math.otf' with options
(fontspec)             [Scale=MatchLowercase,BoldItalicFont={},ItalicFont={},Sm
allCapsFont={},Script=Math,SizeFeatures={{Size=10.2-},{Size=7.2-10.2,Font=latin
modern-math.otf,Style=MathScript},{Size=-7.2,Font=latinmodern-math.otf,Style=Ma
thScriptScript}},BoldFont={latinmodern-math.otf},ScaleAgain=0.9999,FontAdjustme
nt={\fontdimen
(fontspec)             8\font =0.48pt\relax \fontdimen 9\font =2.4pt\relax
(fontspec)             \fontdimen 10\font =2.004pt\relax \fontdimen 11\font
(fontspec)             =1.332pt\relax \fontdimen 12\font =7.2pt\relax
(fontspec)             \fontdimen 13\font =0pt\relax }].
(fontspec)              
(fontspec)              This font family consists of the following NFSS
(fontspec)             series/shapes:
(fontspec)              
(fontspec)             - 'normal' (m/n) with NFSS spec.:
(fontspec)             <10.2->s*[0.9998970500334856]"[latinmodern-math.otf]/OT:
script=math;language=dflt;"<7.2-10.2>s*[0.9998970500334856]"[latinmodern-math.o
tf]/OT:script=math;language=dflt;+ssty=0;"<-7.2>s*[0.9998970500334856]"[latinmo
dern-math.otf]/OT:script=math;language=dflt;+ssty=1;"
(fontspec)             - 'small caps'  (m/sc) with NFSS spec.: 
(fontspec)             and font adjustment code:
(fontspec)             \fontdimen 8\font =0.48pt\relax \fontdimen 9\font
(fontspec)             =2.4pt\relax \fontdimen 10\font =2.004pt\relax
(fontspec)             \fontdimen 11\font =1.332pt\relax \fontdimen 12\font
(fontspec)             =7.2pt\relax \fontdimen 13\font =0pt\relax 
(fontspec)             - 'bold' (b/n) with NFSS spec.:
(fontspec)             <->s*[0.9998970500334856]"[latinmodern-math.otf]/OT:scri
pt=math;language=dflt;"
(fontspec)             - 'bold small caps'  (b/sc) with NFSS spec.: 
(fontspec)             and font adjustment code:
(fontspec)             \fontdimen 8\font =0.48pt\relax \fontdimen 9\font
(fontspec)             =2.4pt\relax \fontdimen 10\font =2.004pt\relax
(fontspec)             \fontdimen 11\font =1.332pt\relax \fontdimen 12\font
(fontspec)             =7.2pt\relax \fontdimen 13\font =0pt\relax 

LaTeX Font Info:    Encoding `OMX' has changed to `TU' for symbol font
(Font)              `largesymbols' in the math version `normal' on input line 1
37.
LaTeX Font Info:    Overwriting symbol font `largesymbols' in version `normal'
(Font)                  OMX/lmex/m/n --> TU/latinmodern-math.otf(3)/m/n on inpu
t line 137.
LaTeX Font Info:    Encoding `OMX' has changed to `TU' for symbol font
(Font)              `largesymbols' in the math version `bold' on input line 137
.
LaTeX Font Info:    Overwriting symbol font `largesymbols' in version `bold'
(Font)                  OMX/lmex/m/n --> TU/latinmodern-math.otf(3)/b/n on inpu
t line 137.
Package hyperref Info: Link coloring ON on input line 137.

(c:/Users/jkkap/AppData/Roaming/TinyTeX/texmf-dist/tex/latex/hyperref/nameref.s
ty
Package: nameref 2021-04-02 v2.47 Cross-referencing by name of section

(c:/Users/jkkap/AppData/Roaming/TinyTeX/texmf-dist/tex/latex/refcount/refcount.
sty
Package: refcount 2019/12/15 v3.6 Data extraction from label references (HO)
)
(c:/Users/jkkap/AppData/Roaming/TinyTeX/texmf-dist/tex/generic/gettitlestring/g
ettitlestring.sty
Package: gettitlestring 2019/12/15 v1.6 Cleanup title references (HO)
)
\c@section@level=\count333
)
LaTeX Info: Redefining \ref on input line 137.
LaTeX Info: Redefining \pageref on input line 137.
LaTeX Info: Redefining \nameref on input line 137.
(./nibrsbook.out) (./nibrsbook.out)
\@outlinefile=\write4
\openout4 = `nibrsbook.out'.

*geometry* driver: auto-detecting
*geometry* detected driver: xetex
*geometry* verbose mode - [ preamble ] result:
* driver: xetex
* paper: <default>
* layout: <same size as paper>
* layoutoffset:(h,v)=(0.0pt,0.0pt)
* modes: twoside 
* h-part:(L,W,R)=(72.26999pt, 469.75502pt, 72.26999pt)
* v-part:(T,H,B)=(72.26999pt, 650.43001pt, 72.26999pt)
* \paperwidth=614.295pt
* \paperheight=794.96999pt
* \textwidth=469.75502pt
* \textheight=650.43001pt
* \oddsidemargin=0.0pt
* \evensidemargin=0.0pt
* \topmargin=-31.8738pt
* \headheight=12.0pt
* \headsep=19.8738pt
* \topskip=12.0pt
* \footskip=30.0pt
* \marginparwidth=98.0pt
* \marginparsep=7.0pt
* \columnsep=10.0pt
* \skip\footins=10.8pt plus 4.0pt minus 2.0pt
* \hoffset=0.0pt
* \voffset=0.0pt
* \mag=1000
* \@twocolumnfalse
* \@twosidetrue
* \@mparswitchtrue
* \@reversemarginfalse
* (1in=72.27pt=25.4mm, 1cm=28.453pt)

\c@lstlisting=\count334
LaTeX Font Info:    Font shape `TU/latinmodern-math.otf(1)/m/n' will be
(Font)              scaled to size 14.4pt on input line 139.
LaTeX Font Info:    Font shape `TU/latinmodern-math.otf(1)/m/n' will be
(Font)              scaled to size 10.0pt on input line 139.
LaTeX Font Info:    Font shape `TU/latinmodern-math.otf(1)/m/n' will be
(Font)              scaled to size 7.0pt on input line 139.
LaTeX Font Info:    Trying to load font information for OML+lmm on input line 1
39.
(c:/Users/jkkap/AppData/Roaming/TinyTeX/texmf-dist/tex/latex/lm/omllmm.fd
File: omllmm.fd 2015/05/01 v1.6.1 Font defs for Latin Modern
)
LaTeX Font Info:    Font shape `TU/latinmodern-math.otf(2)/m/n' will be
(Font)              scaled to size 14.4013pt on input line 139.
LaTeX Font Info:    Font shape `TU/latinmodern-math.otf(2)/m/n' will be
(Font)              scaled to size 10.00092pt on input line 139.
LaTeX Font Info:    Font shape `TU/latinmodern-math.otf(2)/m/n' will be
(Font)              scaled to size 7.00064pt on input line 139.
LaTeX Font Info:    Font shape `TU/latinmodern-math.otf(3)/m/n' will be
(Font)              scaled to size 14.39845pt on input line 139.
LaTeX Font Info:    Font shape `TU/latinmodern-math.otf(3)/m/n' will be
(Font)              scaled to size 9.99893pt on input line 139.
LaTeX Font Info:    Font shape `TU/latinmodern-math.otf(3)/m/n' will be
(Font)              scaled to size 6.99925pt on input line 139.
[1


] (./nibrsbook.toc
LaTeX Font Info:    Font shape `TU/latinmodern-math.otf(1)/m/n' will be
(Font)              scaled to size 8.4pt on input line 2.
LaTeX Font Info:    Font shape `TU/latinmodern-math.otf(1)/m/n' will be
(Font)              scaled to size 6.0pt on input line 2.
LaTeX Font Info:    Font shape `TU/latinmodern-math.otf(2)/m/n' will be
(Font)              scaled to size 12.0011pt on input line 2.
LaTeX Font Info:    Font shape `TU/latinmodern-math.otf(2)/m/n' will be
(Font)              scaled to size 8.40076pt on input line 2.
LaTeX Font Info:    Font shape `TU/latinmodern-math.otf(2)/m/n' will be
(Font)              scaled to size 6.00055pt on input line 2.
LaTeX Font Info:    Font shape `TU/latinmodern-math.otf(3)/m/n' will be
(Font)              scaled to size 11.99872pt on input line 2.
LaTeX Font Info:    Font shape `TU/latinmodern-math.otf(3)/m/n' will be
(Font)              scaled to size 8.3991pt on input line 2.
LaTeX Font Info:    Font shape `TU/latinmodern-math.otf(3)/m/n' will be
(Font)              scaled to size 5.99936pt on input line 2.
[2

] [3])
\tf@toc=\write5
\openout5 = `nibrsbook.toc'.

[4] (./nibrsbook.lot [5

])
\tf@lot=\write6
\openout6 = `nibrsbook.lot'.

[6] (./nibrsbook.lof [7

] [8]
Underfull \hbox (badness 1810) in paragraph at lines 58--58
 [][] [][][]\TU/lmr/m/n/12 The incident-level distribution of the value of prop
erty stolen. As 
 []

)
\tf@lof=\write7
\openout7 = `nibrsbook.lof'.

[9] [10]
Chapter 1.
LaTeX Font Info:    Font shape `TU/latinmodern-math.otf(1)/m/n' will be
(Font)              scaled to size 5.0pt on input line 151.
LaTeX Font Info:    Font shape `TU/latinmodern-math.otf(2)/m/n' will be
(Font)              scaled to size 5.00046pt on input line 151.
LaTeX Font Info:    Font shape `TU/latinmodern-math.otf(3)/m/n' will be
(Font)              scaled to size 4.99947pt on input line 151.
[11

] [12] [13] [14] [15]
File: images/edit_button.png Graphic file (type bmp)
<images/edit_button.png>
[16] [17

]
Chapter 2.
[18

] [19]
Underfull \vbox (badness 10000) has occurred while \output is active []

[20] [21] [22]
Underfull \hbox (badness 10000) in paragraph at lines 290--292

 []


Underfull \hbox (badness 10000) in paragraph at lines 292--294

 []


Underfull \hbox (badness 10000) in paragraph at lines 294--296

 []


Underfull \hbox (badness 10000) in paragraph at lines 296--298

 []


Underfull \hbox (badness 10000) in paragraph at lines 298--300

 []


Underfull \hbox (badness 10000) in paragraph at lines 300--302

 []


Underfull \hbox (badness 10000) in paragraph at lines 302--304

 []


Underfull \hbox (badness 10000) in paragraph at lines 304--306

 []


Underfull \hbox (badness 10000) in paragraph at lines 306--308

 []


Underfull \hbox (badness 10000) in paragraph at lines 308--310

 []


Underfull \hbox (badness 10000) in paragraph at lines 310--312

 []


Underfull \hbox (badness 10000) in paragraph at lines 312--314

 []


Underfull \hbox (badness 10000) in paragraph at lines 314--316

 []


Underfull \hbox (badness 10000) in paragraph at lines 316--318

 []


Underfull \hbox (badness 10000) in paragraph at lines 318--320

 []

[23]
Underfull \hbox (badness 10000) in paragraph at lines 320--322

 []


Underfull \hbox (badness 10000) in paragraph at lines 322--324

 []


Underfull \hbox (badness 10000) in paragraph at lines 324--326

 []


Underfull \hbox (badness 10000) in paragraph at lines 326--328

 []


Underfull \hbox (badness 10000) in paragraph at lines 328--330

 []


Underfull \hbox (badness 10000) in paragraph at lines 330--332

 []


Underfull \hbox (badness 10000) in paragraph at lines 332--334

 []


Underfull \hbox (badness 10000) in paragraph at lines 334--336

 []


Underfull \hbox (badness 10000) in paragraph at lines 336--338

 []


Underfull \hbox (badness 10000) in paragraph at lines 338--340

 []


Underfull \hbox (badness 10000) in paragraph at lines 340--342

 []


Underfull \hbox (badness 10000) in paragraph at lines 342--344

 []


Underfull \hbox (badness 10000) in paragraph at lines 344--346

 []


Underfull \hbox (badness 10000) in paragraph at lines 346--348

 []


Underfull \hbox (badness 10000) in paragraph at lines 348--350

 []


Underfull \hbox (badness 10000) in paragraph at lines 350--352

 []


Underfull \hbox (badness 10000) in paragraph at lines 352--354

 []


Underfull \hbox (badness 10000) in paragraph at lines 354--356

 []


Underfull \hbox (badness 10000) in paragraph at lines 356--358

 []


Underfull \hbox (badness 10000) in paragraph at lines 358--360

 []


Underfull \vbox (badness 10000) has occurred while \output is active []

[24]
Underfull \hbox (badness 10000) in paragraph at lines 360--362

 []


Underfull \hbox (badness 10000) in paragraph at lines 362--364

 []


Underfull \hbox (badness 10000) in paragraph at lines 364--366

 []


Underfull \hbox (badness 10000) in paragraph at lines 366--368

 []


Underfull \hbox (badness 10000) in paragraph at lines 368--370

 []


Underfull \hbox (badness 10000) in paragraph at lines 370--372

 []


Underfull \hbox (badness 10000) in paragraph at lines 372--374

 []


Underfull \hbox (badness 10000) in paragraph at lines 374--376

 []


Underfull \hbox (badness 10000) in paragraph at lines 376--378

 []


Underfull \hbox (badness 10000) in paragraph at lines 380--382

 []


Underfull \hbox (badness 10000) in paragraph at lines 382--384

 []


Underfull \hbox (badness 10000) in paragraph at lines 384--386

 []


Underfull \hbox (badness 10000) in paragraph at lines 386--388

 []


Underfull \hbox (badness 10000) in paragraph at lines 388--390

 []


Underfull \hbox (badness 10000) in paragraph at lines 390--392

 []

[25]
Underfull \hbox (badness 10000) in paragraph at lines 407--409

 []


Underfull \hbox (badness 10000) in paragraph at lines 411--413

 []


Underfull \hbox (badness 10000) in paragraph at lines 415--417

 []


Underfull \hbox (badness 10000) in paragraph at lines 419--421

 []

[26] [27] [28]
File: images/segments_flowchart.png Graphic file (type bmp)
<images/segments_flowchart.png>
[29] [30] [31] [32]
Underfull \vbox (badness 10000) has occurred while \output is active []

[33]
File: nibrsbook_files/figure-latex/agenciesReporting-1.pdf Graphic file (type p
df)
<use nibrsbook_files/figure-latex/agenciesReporting-1.pdf>
[34]
File: nibrsbook_files/figure-latex/agenciesReportingMap-1.pdf Graphic file (typ
e pdf)
<use nibrsbook_files/figure-latex/agenciesReportingMap-1.pdf>
[35]
File: nibrsbook_files/figure-latex/agenciesReportingMapPercent-1.pdf Graphic fi
le (type pdf)
<use nibrsbook_files/figure-latex/agenciesReportingMapPercent-1.pdf>
[36] [37] [38]
File: images/nibrs_ascii.png Graphic file (type bmp)
<images/nibrs_ascii.png>
[39] [40] [41]
Chapter 3.
[42

]
File: nibrsbook_files/figure-latex/administrativeIncidentMonth-1.pdf Graphic fi
le (type pdf)
<use nibrsbook_files/figure-latex/administrativeIncidentMonth-1.pdf>

LaTeX Warning: Reference `administrativeMonthDay' on page 43 undefined on input
 line 674.

[43]
File: nibrsbook_files/figure-latex/administrativeMonthDay-1.pdf Graphic file (t
ype pdf)
<use nibrsbook_files/figure-latex/administrativeMonthDay-1.pdf>

LaTeX Warning: Float too large for page by 42.03487pt on input line 683.

File: nibrsbook_files/figure-latex/administrativeMonthDayReport-1.pdf Graphic f
ile (type pdf)
<use nibrsbook_files/figure-latex/administrativeMonthDayReport-1.pdf>

LaTeX Warning: Float too large for page by 42.03487pt on input line 694.


Overfull \hbox (44.73586pt too wide) has occurred while \output is active
\TU/lmr/m/n/12 44 \TU/lmr/m/sl/12 CHAPTER 3.  ADMINISTRATIVE AND WINDOW EXCEPTI
ONAL CLEARANCE SEGMENT
 []

[44] [45]
Overfull \hbox (44.73586pt too wide) has occurred while \output is active
\TU/lmr/m/n/12 46 \TU/lmr/m/sl/12 CHAPTER 3.  ADMINISTRATIVE AND WINDOW EXCEPTI
ONAL CLEARANCE SEGMENT
 []

[46]
File: nibrsbook_files/figure-latex/administrativeHours-1.pdf Graphic file (type
 pdf)
<use nibrsbook_files/figure-latex/administrativeHours-1.pdf>

LaTeX Warning: Float too large for page by 39.27487pt on input line 712.

[47]
Overfull \hbox (44.73586pt too wide) has occurred while \output is active
\TU/lmr/m/n/12 48 \TU/lmr/m/sl/12 CHAPTER 3.  ADMINISTRATIVE AND WINDOW EXCEPTI
ONAL CLEARANCE SEGMENT
 []

[48]
File: nibrsbook_files/figure-latex/administrativeExceptionalClearances-1.pdf Gr
aphic file (type pdf)
<use nibrsbook_files/figure-latex/administrativeExceptionalClearances-1.pdf>
[49]
File: nibrsbook_files/figure-latex/administrativeOffenseSegments-1.pdf Graphic 
file (type pdf)
<use nibrsbook_files/figure-latex/administrativeOffenseSegments-1.pdf>

Overfull \hbox (44.73586pt too wide) has occurred while \output is active
\TU/lmr/m/n/12 50 \TU/lmr/m/sl/12 CHAPTER 3.  ADMINISTRATIVE AND WINDOW EXCEPTI
ONAL CLEARANCE SEGMENT
 []

[50]
File: nibrsbook_files/figure-latex/administrativeOffenderSegments-1.pdf Graphic
 file (type pdf)
<use nibrsbook_files/figure-latex/administrativeOffenderSegments-1.pdf>

LaTeX Warning: Reference `fig:' on page 51 undefined on input line 770.

File: nibrsbook_files/figure-latex/administrativeVictimSegments-1.pdf Graphic f
ile (type pdf)
<use nibrsbook_files/figure-latex/administrativeVictimSegments-1.pdf>
[51]
File: nibrsbook_files/figure-latex/administrativeArresteeSegments-1.pdf Graphic
 file (type pdf)
<use nibrsbook_files/figure-latex/administrativeArresteeSegments-1.pdf>
File: nibrsbook_files/figure-latex/administrativePercentArrested-1.pdf Graphic 
file (type pdf)
<use nibrsbook_files/figure-latex/administrativePercentArrested-1.pdf>

Overfull \hbox (44.73586pt too wide) has occurred while \output is active
\TU/lmr/m/n/12 52 \TU/lmr/m/sl/12 CHAPTER 3.  ADMINISTRATIVE AND WINDOW EXCEPTI
ONAL CLEARANCE SEGMENT
 []

[52]
File: nibrsbook_files/figure-latex/administrativeArrestsAny-1.pdf Graphic file 
(type pdf)
<use nibrsbook_files/figure-latex/administrativeArrestsAny-1.pdf>
[53]
Overfull \hbox (44.73586pt too wide) has occurred while \output is active
\TU/lmr/m/n/12 54 \TU/lmr/m/sl/12 CHAPTER 3.  ADMINISTRATIVE AND WINDOW EXCEPTI
ONAL CLEARANCE SEGMENT
 []

[54] [55]
Chapter 4.
[56

] [57]
Overfull \hbox (1.03172pt too wide) in paragraph at lines 905--906
 \TU/lmr/m/n/12 Offenses|
 []


Overfull \hbox (1.03172pt too wide) in paragraph at lines 907--908
 \TU/lmr/m/n/12 Offenses|
 []


Overfull \hbox (12.00003pt too wide) in alignment at lines 899--910
 [] [] [] 
 []


Overfull \hbox (1.03172pt too wide) in paragraph at lines 915--916
 \TU/lmr/m/n/12 Offenses|
 []


Overfull \hbox (1.03172pt too wide) in paragraph at lines 917--918
 \TU/lmr/m/n/12 Offenses|
 []


Overfull \hbox (12.00003pt too wide) in alignment at lines 910--920
 [] [] [] 
 []


Overfull \hbox (6.49173pt too wide) in paragraph at lines 924--925
 []\TU/lmr/m/n/12 1,074,646|
 []


Overfull \hbox (6.49173pt too wide) in paragraph at lines 931--932
 []\TU/lmr/m/n/12 1,040,062|
 []


Overfull \hbox (6.49173pt too wide) in paragraph at lines 1029--1030
 []\TU/lmr/m/n/12 2,423,181|
 []


Overfull \hbox (12.00003pt too wide) in alignment at lines 920--1034
 [] [] [] 
 []

[58]
Overfull \hbox (1.03172pt too wide) in paragraph at lines 1084--1085
 \TU/lmr/m/n/12 Offenses|
 []


Overfull \hbox (1.03172pt too wide) in paragraph at lines 1086--1087
 \TU/lmr/m/n/12 Offenses|
 []


Overfull \hbox (12.00003pt too wide) in alignment at lines 1078--1089
 [] [] [] 
 []


Overfull \hbox (1.03172pt too wide) in paragraph at lines 1094--1095
 \TU/lmr/m/n/12 Offenses|
 []


Overfull \hbox (1.03172pt too wide) in paragraph at lines 1096--1097
 \TU/lmr/m/n/12 Offenses|
 []


Overfull \hbox (12.00003pt too wide) in alignment at lines 1089--1099
 [] [] [] 
 []


Overfull \hbox (12.00003pt too wide) in alignment at lines 1099--1136
 [] [] [] 
 []

[59]
File: nibrsbook_files/figure-latex/offenseDrugAlcoholComputer-1.pdf Graphic fil
e (type pdf)
<use nibrsbook_files/figure-latex/offenseDrugAlcoholComputer-1.pdf>
File: nibrsbook_files/figure-latex/offenseDrugAlcoholComputerAny-1.pdf Graphic 
file (type pdf)
<use nibrsbook_files/figure-latex/offenseDrugAlcoholComputerAny-1.pdf>
[60] [61] [62]
Overfull \hbox (16.58206pt too wide) in alignment at lines 1225--1236
 [] [] [] 
 []


Overfull \hbox (16.58206pt too wide) in alignment at lines 1236--1246
 [] [] [] 
 []


Overfull \hbox (16.58206pt too wide) in alignment at lines 1246--1374
 [] [] [] 
 []

[63]
File: nibrsbook_files/figure-latex/offenseAutomaticWeapon-1.pdf Graphic file (t
ype pdf)
<use nibrsbook_files/figure-latex/offenseAutomaticWeapon-1.pdf>
[64] [65] [66] [67]
Chapter 5.

Underfull \vbox (badness 10000) has occurred while \output is active []

[68

]
File: nibrsbook_files/figure-latex/offenderAge-1.pdf Graphic file (type pdf)
<use nibrsbook_files/figure-latex/offenderAge-1.pdf>
[69]
File: nibrsbook_files/figure-latex/offenderSex-1.pdf Graphic file (type pdf)
<use nibrsbook_files/figure-latex/offenderSex-1.pdf>

Underfull \vbox (badness 10000) has occurred while \output is active []

[70] [71]
File: nibrsbook_files/figure-latex/offenderRace-1.pdf Graphic file (type pdf)
<use nibrsbook_files/figure-latex/offenderRace-1.pdf>
[72] [73]
Chapter 6.
[74

] [75]
File: nibrsbook_files/figure-latex/victimType-1.pdf Graphic file (type pdf)
<use nibrsbook_files/figure-latex/victimType-1.pdf>
File: nibrsbook_files/figure-latex/victimInjury-1.pdf Graphic file (type pdf)
<use nibrsbook_files/figure-latex/victimInjury-1.pdf>
File: nibrsbook_files/figure-latex/victimInjuryExcludeNone-1.pdf Graphic file (
type pdf)
<use nibrsbook_files/figure-latex/victimInjuryExcludeNone-1.pdf>
File: nibrsbook_files/figure-latex/victimInjuryPolice-1.pdf Graphic file (type 
pdf)
<use nibrsbook_files/figure-latex/victimInjuryPolice-1.pdf>
File: nibrsbook_files/figure-latex/victimInjuryPoliceExcludeNone-1.pdf Graphic 
file (type pdf)
<use nibrsbook_files/figure-latex/victimInjuryPoliceExcludeNone-1.pdf>

Overfull \hbox (11.93709pt too wide) in alignment at lines 1727--1732
 [] [] [] 
 []


Overfull \hbox (11.93709pt too wide) in alignment at lines 1732--1736
 [] [] [] 
 []


Overfull \hbox (11.93709pt too wide) in alignment at lines 1736--1766
 [] [] [] 
 []

[76] [77] [78] [79] [80] [81] [82]
File: nibrsbook_files/figure-latex/victimResidenceStatus-1.pdf Graphic file (ty
pe pdf)
<use nibrsbook_files/figure-latex/victimResidenceStatus-1.pdf>
File: nibrsbook_files/figure-latex/victimResidenceStatusIndividual-1.pdf Graphi
c file (type pdf)
<use nibrsbook_files/figure-latex/victimResidenceStatusIndividual-1.pdf>
File: nibrsbook_files/figure-latex/victimResidenceStatusPolice-1.pdf Graphic fi
le (type pdf)
<use nibrsbook_files/figure-latex/victimResidenceStatusPolice-1.pdf>

Overfull \hbox (49.6891pt too wide) in alignment at lines 1845--1850
 [] [] [] [] 
 []


Overfull \hbox (49.6891pt too wide) in alignment at lines 1850--1854
 [] [] [] [] 
 []


Overfull \hbox (49.6891pt too wide) in alignment at lines 1854--1874
 [] [] [] [] 
 []

[83] [84] [85] [86]
File: nibrsbook_files/figure-latex/victimJustifiableHomicide-1.pdf Graphic file
 (type pdf)
<use nibrsbook_files/figure-latex/victimJustifiableHomicide-1.pdf>
File: nibrsbook_files/figure-latex/victimAge-1.pdf Graphic file (type pdf)
<use nibrsbook_files/figure-latex/victimAge-1.pdf>
File: nibrsbook_files/figure-latex/victimSex-1.pdf Graphic file (type pdf)
<use nibrsbook_files/figure-latex/victimSex-1.pdf>
File: nibrsbook_files/figure-latex/victimRace-1.pdf Graphic file (type pdf)
<use nibrsbook_files/figure-latex/victimRace-1.pdf>
File: nibrsbook_files/figure-latex/victimEthnicity-1.pdf Graphic file (type pdf
)
<use nibrsbook_files/figure-latex/victimEthnicity-1.pdf>
[87] [88] [89] [90] [91]
Chapter 7.
[92

] [93]
Overfull \hbox (33.60785pt too wide) has occurred while \output is active
\TU/lmr/m/n/12 94 \TU/lmr/m/sl/12 CHAPTER 7.  ARRESTEE, GROUP B ARRESTEE, AND W
INDOW ARRESTEE SEGMENT
 []

[94]
File: nibrsbook_files/figure-latex/arrestsDaysUntilArrest-1.pdf Graphic file (t
ype pdf)
<use nibrsbook_files/figure-latex/arrestsDaysUntilArrest-1.pdf>
File: nibrsbook_files/figure-latex/arrestsDaysUntilArrestBarplot-1.pdf Graphic 
file (type pdf)
<use nibrsbook_files/figure-latex/arrestsDaysUntilArrestBarplot-1.pdf>
File: nibrsbook_files/figure-latex/arresteeWeapon-1.pdf Graphic file (type pdf)

<use nibrsbook_files/figure-latex/arresteeWeapon-1.pdf>
File: nibrsbook_files/figure-latex/arresteeWeaponArmed-1.pdf Graphic file (type
 pdf)
<use nibrsbook_files/figure-latex/arresteeWeaponArmed-1.pdf>
File: nibrsbook_files/figure-latex/arresteeAutomaticWeapon-1.pdf Graphic file (
type pdf)
<use nibrsbook_files/figure-latex/arresteeAutomaticWeapon-1.pdf>
[95]
Overfull \hbox (33.60785pt too wide) has occurred while \output is active
\TU/lmr/m/n/12 96 \TU/lmr/m/sl/12 CHAPTER 7.  ARRESTEE, GROUP B ARRESTEE, AND W
INDOW ARRESTEE SEGMENT
 []

[96] [97]
Overfull \hbox (33.60785pt too wide) has occurred while \output is active
\TU/lmr/m/n/12 98 \TU/lmr/m/sl/12 CHAPTER 7.  ARRESTEE, GROUP B ARRESTEE, AND W
INDOW ARRESTEE SEGMENT
 []

[98] [99]
File: nibrsbook_files/figure-latex/arresteeTypeOfArrest-1.pdf Graphic file (typ
e pdf)
<use nibrsbook_files/figure-latex/arresteeTypeOfArrest-1.pdf>
File: nibrsbook_files/figure-latex/arresteeJuvenileDisposition-1.pdf Graphic fi
le (type pdf)
<use nibrsbook_files/figure-latex/arresteeJuvenileDisposition-1.pdf>
File: nibrsbook_files/figure-latex/arresteeResidenceStatus-1.pdf Graphic file (
type pdf)
<use nibrsbook_files/figure-latex/arresteeResidenceStatus-1.pdf>
File: nibrsbook_files/figure-latex/arresteeAge-1.pdf Graphic file (type pdf)
<use nibrsbook_files/figure-latex/arresteeAge-1.pdf>
File: nibrsbook_files/figure-latex/arresteeSex-1.pdf Graphic file (type pdf)
<use nibrsbook_files/figure-latex/arresteeSex-1.pdf>
File: nibrsbook_files/figure-latex/arresteeRace-1.pdf Graphic file (type pdf)
<use nibrsbook_files/figure-latex/arresteeRace-1.pdf>
File: nibrsbook_files/figure-latex/arresteeEthnicity-1.pdf Graphic file (type p
df)
<use nibrsbook_files/figure-latex/arresteeEthnicity-1.pdf>

Overfull \hbox (39.48785pt too wide) has occurred while \output is active
\TU/lmr/m/n/12 100 \TU/lmr/m/sl/12 CHAPTER 7.  ARRESTEE, GROUP B ARRESTEE, AND 
WINDOW ARRESTEE SEGMENT
 []

[100] [101]
Overfull \hbox (39.48785pt too wide) has occurred while \output is active
\TU/lmr/m/n/12 102 \TU/lmr/m/sl/12 CHAPTER 7.  ARRESTEE, GROUP B ARRESTEE, AND 
WINDOW ARRESTEE SEGMENT
 []

[102] [103]
Overfull \hbox (39.48785pt too wide) has occurred while \output is active
\TU/lmr/m/n/12 104 \TU/lmr/m/sl/12 CHAPTER 7.  ARRESTEE, GROUP B ARRESTEE, AND 
WINDOW ARRESTEE SEGMENT
 []

[104] [105]
Overfull \hbox (39.48785pt too wide) has occurred while \output is active
\TU/lmr/m/n/12 106 \TU/lmr/m/sl/12 CHAPTER 7.  ARRESTEE, GROUP B ARRESTEE, AND 
WINDOW ARRESTEE SEGMENT
 []

[106]
Chapter 8.

Overfull \hbox (17.5531pt too wide) in alignment at lines 2215--2220
 [] [] [] 
 []


Overfull \hbox (17.5531pt too wide) in alignment at lines 2220--2224
 [] [] [] 
 []


Overfull \hbox (17.5531pt too wide) in alignment at lines 2224--2295
 [] [] [] 
 []

[107

] [108] [109]
File: nibrsbook_files/figure-latex/propertyTypeLoss-1.pdf Graphic file (type pd
f)
<use nibrsbook_files/figure-latex/propertyTypeLoss-1.pdf>
File: nibrsbook_files/figure-latex/propertyValuePropertyLevel-1.pdf Graphic fil
e (type pdf)
<use nibrsbook_files/figure-latex/propertyValuePropertyLevel-1.pdf>
File: nibrsbook_files/figure-latex/propertyValueIncidentLevel-1.pdf Graphic fil
e (type pdf)
<use nibrsbook_files/figure-latex/propertyValueIncidentLevel-1.pdf>
File: nibrsbook_files/figure-latex/propertyDaysUntilRecovered-1.pdf Graphic fil
e (type pdf)
<use nibrsbook_files/figure-latex/propertyDaysUntilRecovered-1.pdf>

Overfull \hbox (3.12383pt too wide) in paragraph at lines 2356--2357
 \TU/lmr/m/n/12 Drugs|
 []


Overfull \hbox (3.12383pt too wide) in paragraph at lines 2358--2359
 \TU/lmr/m/n/12 Drugs|
 []


Overfull \hbox (7.418pt too wide) in alignment at lines 2350--2361
 [] [] [] 
 []


Overfull \hbox (3.12383pt too wide) in paragraph at lines 2366--2367
 \TU/lmr/m/n/12 Drugs|
 []


Overfull \hbox (3.12383pt too wide) in paragraph at lines 2368--2369
 \TU/lmr/m/n/12 Drugs|
 []


Overfull \hbox (7.418pt too wide) in alignment at lines 2361--2371
 [] [] [] 
 []


Overfull \hbox (11.07983pt too wide) in paragraph at lines 2375--2376
 []\TU/lmr/m/n/12 455,429|
 []


Overfull \hbox (9.11183pt too wide) in paragraph at lines 2377--2378
 []\TU/lmr/m/n/12 46.69%|
 []


Overfull \hbox (11.07983pt too wide) in paragraph at lines 2382--2383
 []\TU/lmr/m/n/12 201,716|
 []


Overfull \hbox (9.11183pt too wide) in paragraph at lines 2384--2385
 []\TU/lmr/m/n/12 20.68%|
 []


Overfull \hbox (5.19983pt too wide) in paragraph at lines 2389--2390
 []\TU/lmr/m/n/12 82,437|
 []


Overfull \hbox (3.23183pt too wide) in paragraph at lines 2391--2392
 []\TU/lmr/m/n/12 8.45%|
 []


Overfull \hbox (5.19983pt too wide) in paragraph at lines 2396--2397
 []\TU/lmr/m/n/12 49,699|
 []


Overfull \hbox (3.23183pt too wide) in paragraph at lines 2398--2399
 []\TU/lmr/m/n/12 5.09%|
 []


Overfull \hbox (5.19983pt too wide) in paragraph at lines 2403--2404
 []\TU/lmr/m/n/12 49,646|
 []


Overfull \hbox (3.23183pt too wide) in paragraph at lines 2405--2406
 []\TU/lmr/m/n/12 5.09%|
 []


Overfull \hbox (5.19983pt too wide) in paragraph at lines 2410--2411
 []\TU/lmr/m/n/12 39,836|
 []


Overfull \hbox (3.23183pt too wide) in paragraph at lines 2412--2413
 []\TU/lmr/m/n/12 4.08%|
 []


Overfull \hbox (5.19983pt too wide) in paragraph at lines 2417--2418
 []\TU/lmr/m/n/12 37,401|
 []


Overfull \hbox (3.23183pt too wide) in paragraph at lines 2419--2420
 []\TU/lmr/m/n/12 3.83%|
 []


Overfull \hbox (5.19983pt too wide) in paragraph at lines 2424--2425
 []\TU/lmr/m/n/12 30,348|
 []


Overfull \hbox (3.23183pt too wide) in paragraph at lines 2426--2427
 []\TU/lmr/m/n/12 3.11%|
 []


Overfull \hbox (3.23183pt too wide) in paragraph at lines 2433--2434
 []\TU/lmr/m/n/12 0.72%|
 []


Overfull \hbox (3.23183pt too wide) in paragraph at lines 2440--2441
 []\TU/lmr/m/n/12 0.64%|
 []


Overfull \hbox (3.23183pt too wide) in paragraph at lines 2447--2448
 []\TU/lmr/m/n/12 0.53%|
 []


Overfull \hbox (3.23183pt too wide) in paragraph at lines 2454--2455
 []\TU/lmr/m/n/12 0.35%|
 []


Overfull \hbox (3.23183pt too wide) in paragraph at lines 2461--2462
 []\TU/lmr/m/n/12 0.31%|
 []


Overfull \hbox (3.23183pt too wide) in paragraph at lines 2468--2469
 []\TU/lmr/m/n/12 0.17%|
 []


Overfull \hbox (3.23183pt too wide) in paragraph at lines 2475--2476
 []\TU/lmr/m/n/12 0.13%|
 []


Overfull \hbox (3.23183pt too wide) in paragraph at lines 2482--2483
 []\TU/lmr/m/n/12 0.13%|
 []


Overfull \hbox (11.07983pt too wide) in paragraph at lines 2487--2488
 []\TU/lmr/m/n/12 975,528|
 []


Overfull \hbox (7.418pt too wide) in alignment at lines 2371--2492
 [] [] [] 
 []

[110] [111] [112] [113] [114]
File: nibrsbook_files/figure-latex/propertyAllGramMeasures-1.pdf Graphic file (
type pdf)
<use nibrsbook_files/figure-latex/propertyAllGramMeasures-1.pdf>
No file nibrsbook.bbl.
[115] (./nibrsbook.aux)

LaTeX Warning: There were undefined references.

Package rerunfilecheck Info: File `nibrsbook.out' has not changed.
(rerunfilecheck)             Checksum: DF16CA01A63AEFD37C53C6FB3855003B;13544.
 ) 
Here is how much of TeX's memory you used:
 19763 strings out of 478468
 367804 string characters out of 5857149
 857293 words of memory out of 5000000
 39749 multiletter control sequences out of 15000+600000
 407970 words of font info for 74 fonts, out of 8000000 for 9000
 14 hyphenation exceptions out of 8191
 87i,8n,120p,2046b,449s stack positions out of 5000i,500n,10000p,200000b,80000s

Output written on nibrsbook.pdf (115 pages).
